1588293916322	mozrunner::runner	INFO	Running command: "C:\\Program Files\\Mozilla Firefox\\firefox.exe" "-marionette" "-foreground" "-no-remote" "-profile" "C:\\Users\\Administrator\\AppData\\Local\\Temp\\rust_mozprofilejswCb2"
1588293917356	addons.webextension.screenshots@mozilla.org	WARN	Loading extension 'screenshots@mozilla.org': Reading manifest: Invalid extension permission: mozillaAddons
1588293917356	addons.webextension.screenshots@mozilla.org	WARN	Loading extension 'screenshots@mozilla.org': Reading manifest: Invalid extension permission: telemetry
1588293917356	addons.webextension.screenshots@mozilla.org	WARN	Loading extension 'screenshots@mozilla.org': Reading manifest: Invalid extension permission: resource://pdf.js/
1588293917356	addons.webextension.screenshots@mozilla.org	WARN	Loading extension 'screenshots@mozilla.org': Reading manifest: Invalid extension permission: about:reader*
JavaScript error: undefined, line 14: Error: An unexpected error occurred
JavaScript error: moz-extension://b0426a21-9939-4ed8-8f22-96a92d0b9581/lib/picture_in_picture_overrides.js, line 15: Error: Incorrect argument types for pictureInPictureParent.setOverrides.
JavaScript error: resource:///modules/sessionstore/SessionStore.jsm, line 1325: uncaught exception: 2147746065
1588293919609	Marionette	INFO	Listening on port 53693
1588293920066	Marionette	WARN	TLS certificate errors will be ignored for this session
1588293922154	Marionette	INFO	Stopped listening on port 53693
[Parent 5216, Gecko_IOThread] WARNING: pipe error: 109: file z:/task_1585934252/build/src/ipc/chromium/src/chrome/common/ipc_channel_win.cc, line 341
[Child 3276, Chrome_ChildThread] WARNING: pipe error: 109: file z:/task_1585934252/build/src/ipc/[cChromium/hsirlcd/ c1h6r4o6m0, Chrome_ChildThread] WARNING: pipe error: 109: file z:/task_1585934252/build/src/ipc/chromium/src/ce/comhmon/ipc_channel_win.cc, line 34r1
o[Child 3276,me/common/ipc_channel_win.cc, line 341
[Child [Child 7196, Chrome_ChildThread] WARNING: pipe error: 109: file z:/task_1585934252/build/src/ipc/chromium/src/chrome/common/ipc_channel_win.cc, line 341
[Child 719[GPU 15704, Chrome_ChildThr
###!!! [Child][RunMessage] Error: Channel closing: too late to send/recv, messages will be lost


###!!! [Child][MessageChannel::SendAndWait] Error: Channel error: cannot send/recv

1588293926434	mozrunner::runner	INFO	Running command: "C:\\Program Files\\Mozilla Firefox\\firefox.exe" "-marionette" "-foreground" "-no-remote" "-profile" "C:\\Users\\Administrator\\AppData\\Local\\Temp\\rust_mozprofile4icUP9"
1588293927457	addons.webextension.screenshots@mozilla.org	WARN	Loading extension 'screenshots@mozilla.org': Reading manifest: Invalid extension permission: mozillaAddons
1588293927457	addons.webextension.screenshots@mozilla.org	WARN	Loading extension 'screenshots@mozilla.org': Reading manifest: Invalid extension permission: telemetry
1588293927458	addons.webextension.screenshots@mozilla.org	WARN	Loading extension 'screenshots@mozilla.org': Reading manifest: Invalid extension permission: resource://pdf.js/
1588293927458	addons.webextension.screenshots@mozilla.org	WARN	Loading extension 'screenshots@mozilla.org': Reading manifest: Invalid extension permission: about:reader*
JavaScript error: undefined, line 14: Error: An unexpected error occurred
JavaScript error: moz-extension://6757707a-0a70-4cff-8083-3faaa2c5576c/lib/picture_in_picture_overrides.js, line 15: Error: Incorrect argument types for pictureInPictureParent.setOverrides.
JavaScript error: resource:///modules/sessionstore/SessionStore.jsm, line 1325: uncaught exception: 2147746065
1588293929707	Marionette	INFO	Listening on port 53747
1588293930202	Marionette	WARN	TLS certificate errors will be ignored for this session
[Child 7096, Chrome_ChildThread] WARNING: pipe error: 109: file z:/task_1585934252/build/src/ipc/chromium/src/chrome/common/ipc_channel_win.cc, line 341
[Ch[Chilild 6732, Chrome_ChildThread] WARNING: pipe error: 109: file z:/task_1585934252/build/src/ipc/chromium/src/chrome/common/ipc_channel_win.cc, line 341
[Child 6732[Parent 10208, Gecko_IOThread] WARNING: pipe error: 109: file z:/task_1585934252/build/src/ipc/chromium/src/chrome/common/ipc_channel_win.cc, line 341
[Child 12144, Chrome_ChildThread] WARNING: pipe error: 109: file z:/task_1585934252/build/src/ipc/chromium/src/chrome/common/ipc_channel_win.cc, line 341
[Child 121441588293938283	Marionette	INFO	Stopped listening on port 53747

###!!! [Child][RunMessage] Error: Channel closing: too late to send/recv, messages will be lost

[GPU 2080, C
###!!! [Child][MessageChannel::SendAndWait] Error: Channel error: cannot send/recv

