1589071808629	mozrunner::runner	INFO	Running command: "C:\\Program Files\\Mozilla Firefox\\firefox.exe" "-marionette" "-foreground" "-no-remote" "-profile" "C:\\Users\\Administrator\\AppData\\Local\\Temp\\rust_mozprofileOBgMYO"
1589071814197	mozrunner::runner	INFO	Running command: "C:\\Program Files\\Mozilla Firefox\\firefox.exe" "-marionette" "-foreground" "-no-remote" "-profile" "C:\\Users\\Administrator\\AppData\\Local\\Temp\\rust_mozprofileF3tGFg"
1589071816043	addons.webextension.screenshots@mozilla.org	WARN	Loading extension 'screenshots@mozilla.org': Reading manifest: Invalid extension permission: mozillaAddons
1589071816043	addons.webextension.screenshots@mozilla.org	WARN	Loading extension 'screenshots@mozilla.org': Reading manifest: Invalid extension permission: telemetry
1589071816044	addons.webextension.screenshots@mozilla.org	WARN	Loading extension 'screenshots@mozilla.org': Reading manifest: Invalid extension permission: resource://pdf.js/
1589071816044	addons.webextension.screenshots@mozilla.org	WARN	Loading extension 'screenshots@mozilla.org': Reading manifest: Invalid extension permission: about:reader*
JavaScript error: undefined, line 14: Error: An unexpected error occurred
JavaScript error: moz-extension://32cee2da-fae7-47ee-a934-8e22e1e13138/lib/picture_in_picture_overrides.js, line 15: Error: Incorrect argument types for pictureInPictureParent.setOverrides.
JavaScript error: resource:///modules/sessionstore/SessionStore.jsm, line 1325: uncaught exception: 2147746065
1589071820701	Marionette	INFO	Listening on port 63476
1589071820738	Marionette	WARN	TLS certificate errors will be ignored for this session
[Parent 46348, Gecko_IOThread] WARNING: pipe error: 109: file z:/task_1588188481/build/src/ipc/chromium/src/chrome/common/ipc_channel_win.cc, line 348
[Child 48532, Chrome_ChildThread] WARNING: pipe error: 109: file z:/task_1588188481/build/src/ipc/chromium/src/chrome/common/ipc_channel_win.cc, line[Child 36648 , Chrome_ChildThread] WAR3NING: pip48
e error: 109: file z:/task_1588188481/build/src/ipc/chromium/src/chrome/common/ipc_channel_win.cc, line 348
[Child 36648,[Child 48496, Chrome_ChildThread] WARNING: pipe error: 109: file z:/task_1588188481/build/src/ipc/chromium/src/chrome/common/ipc_channel_win.cc, line 348
[Child 484961589071891589	Marionette	INFO	Stopped listening on port 63476
[GPU 45508, Chrome_ChildThread]
###!!! [Child][RunMessage] Error: Channel closing: too late to send/recv, messages will be lost


###!!! [Child][MessageChannel::SendAndWait] Error: Channel error: cannot send/recv

1589072854131	mozrunner::runner	INFO	Running command: "C:\\Program Files\\Mozilla Firefox\\firefox.exe" "-marionette" "-foreground" "-no-remote" "-profile" "C:\\Users\\Administrator\\AppData\\Local\\Temp\\rust_mozprofilecy7QPj"
1589072855507	addons.webextension.screenshots@mozilla.org	WARN	Loading extension 'screenshots@mozilla.org': Reading manifest: Invalid extension permission: mozillaAddons
1589072855508	addons.webextension.screenshots@mozilla.org	WARN	Loading extension 'screenshots@mozilla.org': Reading manifest: Invalid extension permission: telemetry
1589072855508	addons.webextension.screenshots@mozilla.org	WARN	Loading extension 'screenshots@mozilla.org': Reading manifest: Invalid extension permission: resource://pdf.js/
1589072855509	addons.webextension.screenshots@mozilla.org	WARN	Loading extension 'screenshots@mozilla.org': Reading manifest: Invalid extension permission: about:reader*
JavaScript error: undefined, line 14: Error: An unexpected error occurred
JavaScript error: moz-extension://ccea5a93-017a-47e1-b751-46ec902bb6a7/lib/picture_in_picture_overrides.js, line 15: Error: Incorrect argument types for pictureInPictureParent.setOverrides.
JavaScript error: resource:///modules/sessionstore/SessionStore.jsm, line 1325: uncaught exception: 2147746065
1589072858913	Marionette	INFO	Listening on port 64191
1589072859004	Marionette	WARN	TLS certificate errors will be ignored for this session
[Child 41256, Chrome_ChildThread] WARNING: pipe error: 109: file z:/task_1588188481/build/src/ipc/chromium/src/chrome/common/ipc_channel_win.cc, line 348
[Child 41256, [Child 47008, Chrome_ChildThread] WARNING: pipe error: 109: file z:/task_1588188481/build/src/ipc/chromium/src/chrome/common/ipc_channel_win.cc, line 348
[Child 47008[Child 47316, Chrome_ChildThread] WARNING: pipe error: 109: file z:/task_1588188481/build/src/ipc/chromium/src/chrome/common/ipc_channel_win.cc, line 348
[Child 47311589072884518	Marionette	INFO	Stopped listening on port 64191
[GPU 39984, Chrome_Chil
###!!! [Child][MessageChannel::SendAndWait] Error: Channel error: cannot send/recv

ading manifest: Invalid extension permission: resource://pdf.js/
1589072867930	addons.webextension.screenshots@mozilla.org	WARN	Loading extension 'screenshots@mozilla.org': Reading manifest: Invalid extension permission: about:reader*
JavaScript error: undefined, line 14: Error: An unexpected error occurred
JavaScript error: moz-extension://94d54342-f2a0-4788-b658-a1670a7cc637/lib/picture_in_picture_overrides.js, line 15: Error: Incorrect argument types for pictureInPictureParent.setOverrides.
JavaScript error: resource:///modules/sessionstore/SessionStore.jsm, line 1325: uncaught exception: 2147746065
1589072871265	Marionette	INFO	Listening on port 64262
1589072871381	Marionette	WARN	TLS certificate errors will be ignored for this session
1589072875221	Marionette	INFO	Stopped listening on port 64262
[Child 42696, Chrome_ChildThread] WARNING: pipe error: 109: file z:/task_1588188481/build/src/ipc/chromium/src/chrome/common/ipc_channel_win.cc, line 348
[Child 42696, Chrom[Child 25512, Chrome_ChildThread] WARNING: pipe error: 109: file z:/task_1588188481/build/src/ipc/chromium/src/chrome/common/ipc_channel_win.cc, line 348
[Child 25512, [Child 20448, Chrome_ChildThread] WARNING: pipe error: 109: file z:/task_1588188481/build/src/ipc/chromium/src/chrome/common/ipc_channel_win.cc, line 348
[Child 20448, Chr[GPU 38956, Chrome_ChildThre
###!!! [Child][MessageChannel::SendAndWait] Error: Channel error: cannot send/recv

1589073023732	mozrunner::runner	INFO	Running command: "C:\\Program Files\\Mozilla Firefox\\firefox.exe" "-marionette" "-foreground" "-no-remote" "-profile" "C:\\Users\\Administrator\\AppData\\Local\\Temp\\rust_mozprofile0VqD0H"
1589073025126	addons.webextension.screenshots@mozilla.org	WARN	Loading extension 'screenshots@mozilla.org': Reading manifest: Invalid extension permission: mozillaAddons
1589073025126	addons.webextension.screenshots@mozilla.org	WARN	Loading extension 'screenshots@mozilla.org': Reading manifest: Invalid extension permission: telemetry
1589073025127	addons.webextension.screenshots@mozilla.org	WARN	Loading extension 'screenshots@mozilla.org': Reading manifest: Invalid extension permission: resource://pdf.js/
1589073025127	addons.webextension.screenshots@mozilla.org	WARN	Loading extension 'screenshots@mozilla.org': Reading manifest: Invalid extension permission: about:reader*
JavaScript error: undefined, line 14: Error: An unexpected error occurred
JavaScript error: moz-extension://79487dc7-f7d4-4499-8116-3c6d5e3cd70e/lib/picture_in_picture_overrides.js, line 15: Error: Incorrect argument types for pictureInPictureParent.setOverrides.
JavaScript error: resource:///modules/sessionstore/SessionStore.jsm, line 1325: uncaught exception: 2147746065
1589073028533	Marionette	INFO	Listening on port 64448
1589073028595	Marionette	WARN	TLS certificate errors will be ignored for this session
[Parent 32936, Gecko_IOThread] WARNING: pipe error: 109: file z:/task_1588188481/build/src/ipc/chromium/src/chrome/common/ipc_channel_win.cc, line 348
[Child 47552, Chrome_ChildThread] WARNING: pipe error: 109: file z:/task_1588188481/build/src/ipc/chromium/src/chrome/common/ipc_channel_win.cc, line 348
[Child 47552, Chrome_ChildThread] W[Child 46348, Chrome_ChildThread] WARNING: pipe error: 109: file z:/task_1588188481/build/src/ipc/chromium/src/chrome/common/ipc_channel_win.cc, line 348
[Child 46348, Chrome_Chil1589121883010	Marionette	INFO	Stopped listening on port 64448

###!!! [Child][MessageChannel::SendAndWait] Error: Channel error: cannot send/recv

 Reading manifest: Invalid extension permission: resource://pdf.js/
1589073037198	addons.webextension.screenshots@mozilla.org	WARN	Loading extension 'screenshots@mozilla.org': Reading manifest: Invalid extension permission: about:reader*
JavaScript error: undefined, line 14: Error: An unexpected error occurred
JavaScript error: moz-extension://88a42a55-afe1-488c-991d-5c3f7ccf5a83/lib/picture_in_picture_overrides.js, line 15: Error: Incorrect argument types for pictureInPictureParent.setOverrides.
JavaScript error: resource:///modules/sessionstore/SessionStore.jsm, line 1325: uncaught exception: 2147746065
1589073040364	Marionette	INFO	Listening on port 64504
1589073040763	Marionette	WARN	TLS certificate errors will be ignored for this session
1589073045054	Marionette	INFO	Stopped listening on port 64504
[Child 41176, Chrome_ChildThread] WARNING: pipe error: 109: file z:/task_1588188481/build/src/ipc/chromium/src/chrome/common/ipc_channel_win.cc, line 348
[Child 41176, Chrom[Parent 48716, Gecko_IOThread] WARNING: pipe error: 109: file z:/task_1588188481/build/src/ipc/chromium/src/chrome/common/ipc_channel_win.cc, line 348
[Child 25476, Chrome_ChildThread] WARNING: pipe error: 109: file z:/task_1588188481/build/src/ipc/chromium/src/chrome/common/ipc_channel_win.cc, line 348
[Child 25[GP
###!!! [Child][RunMessage] Error: Channel closing: too late to send/recv, messages will be lost

U 48904, Chrome_ChildThread] WARNIN
###!!! [Child][MessageChannel::SendAndWait] Error: Channel error: cannot send/recv

1589073271699	mozrunner::runner	INFO	Running command: "C:\\Program Files\\Mozilla Firefox\\firefox.exe" "-marionette" "-foreground" "-no-remote" "-profile" "C:\\Users\\Administrator\\AppData\\Local\\Temp\\rust_mozprofileAMXCyH"
1589073273062	addons.webextension.screenshots@mozilla.org	WARN	Loading extension 'screenshots@mozilla.org': Reading manifest: Invalid extension permission: mozillaAddons
1589073273062	addons.webextension.screenshots@mozilla.org	WARN	Loading extension 'screenshots@mozilla.org': Reading manifest: Invalid extension permission: telemetry
1589073273062	addons.webextension.screenshots@mozilla.org	WARN	Loading extension 'screenshots@mozilla.org': Reading manifest: Invalid extension permission: resource://pdf.js/
1589073273062	addons.webextension.screenshots@mozilla.org	WARN	Loading extension 'screenshots@mozilla.org': Reading manifest: Invalid extension permission: about:reader*
JavaScript error: undefined, line 14: Error: An unexpected error occurred
JavaScript error: moz-extension://00e1574d-2022-4f3a-93a9-091dab025588/lib/picture_in_picture_overrides.js, line 15: Error: Incorrect argument types for pictureInPictureParent.setOverrides.
JavaScript error: resource:///modules/sessionstore/SessionStore.jsm, line 1325: uncaught exception: 2147746065
1589073276270	Marionette	INFO	Listening on port 64722
1589073276561	Marionette	WARN	TLS certificate errors will be ignored for this session
[Child 40400, Chrome_ChildThread] WARNING: pipe error: 109: file z:/task_1588188481/build/src/ipc/chromium/src/chrome/common/ipc_chan[Child 43832, Chrome_ChildThread] WARNING: pipe error: 1nel_win.cc, line 348
[Child 4009: file z:/task_1588188481/build/src/ipc/chromium/src/chrome/common/ipc_channel_win.cc, line 348
[Child 43832, Chrome_ChildThread] WARNING: pipe error: 109: file z:/task_1588188481/build/src/ipc/chromium/src/chrome/common/ipc_channel_win.cc, line 348
[Child 43732, Chrome_ChildThread] WARNING: pipe error: 109: file z:/task_1588188481/build/src/ipc/chromium/src/chrome/common/ipc_channel_win.cc, line 348
[Child 43732, Chrome_ChildTh1589121882622	Marionette	INFO	Stopped listening on port 64722

###!!! [Child][MessageChannel::SendAndWait] Error: Channel error: cannot send/recv

ding extension 'screenshots@mozilla.org': Reading manifest: Invalid extension permission: about:reader*
JavaScript error: undefined, line 14: Error: An unexpected error occurred
JavaScript error: moz-extension://20605170-b0f2-4ba6-a6a8-5605c9928343/lib/picture_in_picture_overrides.js, line 15: Error: Incorrect argument types for pictureInPictureParent.setOverrides.
JavaScript error: resource:///modules/sessionstore/SessionStore.jsm, line 1325: uncaught exception: 2147746065
1589073289053	Marionette	INFO	Listening on port 64778
1589073289105	Marionette	WARN	TLS certificate errors will be ignored for this session
[Parent 43248, Gecko_IOThread] WARNING: pipe error: 109: file z:/task_1588188481/build/src/ipc/chromium/src/chrome/common/ipc_channel_win.cc, line 348
[Parent 43248, Gecko_IOThread] WARNING: pipe error: 109: file z:/task_1588188481/build/src/ipc/chromium/src/chrome/common/ipc_channel_win.cc, line 348
[Child 49300, C[Child 42708, Chrome_ChildThread] WARNING: pipe error: 109: file z:/task_1588188481/build/src/ipc/chromium/src/chrome/common/ipc_channel_win.cc, line 348
[Child 42708, Chrome_hrome_ChildThread] WARNING: pipe error: 109: file z:/task_1588188481/build/src/ipc/chromium/src/chrome/common/ipc_channel_win.cc, line 348
[Child 49300, Chro[Child 43532, Chrome_ChildThread] WARNING: pipe error: 109: file z:/task_1588188481/build/src/ipc/chromium/src/chrome/common/ipc_channel_win.cc, line 348
[Child 435321589121882483	Marionette	INFO	Stopped listening on port 64778

###!!! [Child][MessageChannel::SendAndWait] Error: Channel error: cannot send/recv

 error occurred
JavaScript error: moz-extension://47ecbe15-5fdf-41e8-ad89-e23507f6e90d/lib/picture_in_picture_overrides.js, line 15: Error: Incorrect argument types for pictureInPictureParent.setOverrides.
JavaScript error: resource:///modules/sessionstore/SessionStore.jsm, line 1325: uncaught exception: 2147746065
1589073301326	Marionette	INFO	Listening on port 64833
1589073301755	Marionette	WARN	TLS certificate errors will be ignored for this session
1589073305364	Marionette	INFO	Stopped listening on port 64833
[Child 50372, Chrome_ChildThread] WARNING: pipe error: 109: file z:/task_1588188481/build/src/ipc/chromium/src/chrome/common/ipc_channel_win.cc, line 348
[Child 50372, Chro[Parent 49564, Gecko_IOThread] WARNING: pipe error: 109: file z:/task_1588188481/build/src/ipc/chromium/src/chrome/common/ipc_channel_win.cc, line 348
[Child 49428, Chrome_ChildThread] WARNING: pipe error: 109: file z:/task_1588188481/build/src/ipc/chromium/src/chrome/common/ipc_channel_win.cc, line 348
[Child 49428, C[GPU 40668, Chrome_Chil
###!!! [Child][RunMessage] Error: Channel closing: too late to send/recv, messages will be lost


###!!! [Child][MessageChannel::SendAndWait] Error: Channel error: cannot send/recv

1589103448615	mozrunner::runner	INFO	Running command: "C:\\Program Files\\Mozilla Firefox\\firefox.exe" "-marionette" "-foreground" "-no-remote" "-profile" "C:\\Users\\Administrator\\AppData\\Local\\Temp\\rust_mozprofileSonZin"
1589103449978	addons.webextension.screenshots@mozilla.org	WARN	Loading extension 'screenshots@mozilla.org': Reading manifest: Invalid extension permission: mozillaAddons
1589103449979	addons.webextension.screenshots@mozilla.org	WARN	Loading extension 'screenshots@mozilla.org': Reading manifest: Invalid extension permission: telemetry
1589103449979	addons.webextension.screenshots@mozilla.org	WARN	Loading extension 'screenshots@mozilla.org': Reading manifest: Invalid extension permission: resource://pdf.js/
1589103449979	addons.webextension.screenshots@mozilla.org	WARN	Loading extension 'screenshots@mozilla.org': Reading manifest: Invalid extension permission: about:reader*
JavaScript error: undefined, line 14: Error: An unexpected error occurred
JavaScript error: moz-extension://bcc6a758-6612-4aac-bc93-a2c42096eff5/lib/picture_in_picture_overrides.js, line 15: Error: Incorrect argument types for pictureInPictureParent.setOverrides.
JavaScript error: resource:///modules/sessionstore/SessionStore.jsm, line 1325: uncaught exception: 2147746065
1589103453484	Marionette	INFO	Listening on port 55462
1589103453515	Marionette	WARN	TLS certificate errors will be ignored for this session
[Child 58148, Chrome_ChildThread] WARNING: pipe error: 109: file z:/task_1588188481/build/src/ipc/chromium/src/chrome/common/ipc_channel_win.cc, line 348
[Child 58148, Chrome_Ch[Child 39984, Chrome_ChildThread] WARNING: pipe error: 109: file z:/task_1588188481/build/src/ipc/chromium/src/chrome/common/ipc_channel_win.cc, line 348
[Child 39984, Chrome_ChildThr[Child 52860, Chrome_ChildThread] WARNING: pipe error: 109: file z:/task_1588188481/build/src/ipc/chromium/src/chrome/common/ipc_channel_win.cc, line 348
[Child 52860, Chro1589121879981	Marionette	INFO	Stopped listening on port 55462
[GPU 44920, Chrome_ChildThr
###!!! [Child][MessageChannel::SendAndWait] Error: Channel error: cannot send/recv

mission: resource://pdf.js/
1589103462403	addons.webextension.screenshots@mozilla.org	WARN	Loading extension 'screenshots@mozilla.org': Reading manifest: Invalid extension permission: about:reader*
JavaScript error: undefined, line 14: Error: An unexpected error occurred
JavaScript error: moz-extension://f3ad386d-ed52-4b70-be47-2146efc6312d/lib/picture_in_picture_overrides.js, line 15: Error: Incorrect argument types for pictureInPictureParent.setOverrides.
JavaScript error: resource:///modules/sessionstore/SessionStore.jsm, line 1325: uncaught exception: 2147746065
1589103466160	Marionette	INFO	Listening on port 55515
1589103466321	Marionette	WARN	TLS certificate errors will be ignored for this session
[Child 59300, Chrome_ChildThread] WARNING: pipe error: 109: file z:/task_1588188481/build/src/ipc/chromium/src/chrome/common/ipc_channel_win.cc, line 348
[Child 59300, Chrome_ChildTh[Child 59140, Chrome_ChildThread] WARNING: pipe error: 109: file z:/task_1588188481/build/src/ipc/chromium/src/chrome/common/ipc_channel_win.cc, line 348
[Child 59140, [Child 57680, Chrome_ChildThread] WARNING: pipe error: 109: file z:/task_1588188481/build/src/ipc/chromium/src/chrome/common/ipc_channel_win.cc, line 348
[Child 576801589121879559	Marionette	INFO	Stopped listening on port 55515
[GPU 32732, Chrome_ChildThots@mozilla.org	WARN	Loading extension 'screenshots@mozilla.org': Reading manifest: Invalid extension permission: resource://pdf.js/
1589103476695	addons.webextension.screenshots@mozilla.org	WARN	Loading extension 'screenshots@mozilla.org': Reading manifest: Invalid extension permission: about:reader*
JavaScript error: undefined, line 14: Error: An unexpected error occurred
JavaScript error: moz-extension://a8dff226-caa4-4ecf-b52e-e289b135ea58/lib/picture_in_picture_overrides.js, line 15: Error: Incorrect argument types for pictureInPictureParent.setOverrides.
JavaScript error: resource:///modules/sessionstore/SessionStore.jsm, line 1325: uncaught exception: 2147746065
1589103480541	Marionette	INFO	Listening on port 55579
1589103481012	Marionette	WARN	TLS certificate errors will be ignored for this session
1589103485573	Marionette	INFO	Stopped listening on port 55579
[Child 59788, Chrome_ChildThread] WARNING: pipe error: 109: file z:/task_1588188481/build/src/ipc/chromium/src/chrome/common/ipc_channel_win.cc, line 348
[Child 60032, Chr[ome_ChildThread] WARNING: pipe error: 109: file z:/task_1588188481/build/src/ipc/chromium/src/chrome/common/ipc_channel_win.cc, line 348
[Child 600[Child 59720, Chrome_ChildThread] WARNING: pipe error: 109: file z:/task_1588188481/build/src/ipc/chromium/src/chrome/common/ipc_channel_win.cc, line 348
[Child 59720, [GPU 59552, Chrome_Ch
###!!! [Child][MessageChannel::SendAndWait] Error: Channel error: cannot send/recv

1589120312315	mozrunner::runner	INFO	Running command: "C:\\Program Files\\Mozilla Firefox\\firefox.exe" "-marionette" "-foreground" "-no-remote" "-profile" "C:\\Users\\Administrator\\AppData\\Local\\Temp\\rust_mozprofiledQxjCp"
1589120314280	addons.webextension.screenshots@mozilla.org	WARN	Loading extension 'screenshots@mozilla.org': Reading manifest: Invalid extension permission: mozillaAddons
1589120314281	addons.webextension.screenshots@mozilla.org	WARN	Loading extension 'screenshots@mozilla.org': Reading manifest: Invalid extension permission: telemetry
1589120314281	addons.webextension.screenshots@mozilla.org	WARN	Loading extension 'screenshots@mozilla.org': Reading manifest: Invalid extension permission: resource://pdf.js/
1589120314281	addons.webextension.screenshots@mozilla.org	WARN	Loading extension 'screenshots@mozilla.org': Reading manifest: Invalid extension permission: about:reader*
JavaScript error: undefined, line 14: Error: An unexpected error occurred
JavaScript error: moz-extension://aad9f6a5-132e-41e3-9e93-feb939c0c4b4/lib/picture_in_picture_overrides.js, line 15: Error: Incorrect argument types for pictureInPictureParent.setOverrides.
JavaScript error: resource:///modules/sessionstore/SessionStore.jsm, line 1325: uncaught exception: 2147746065
1589120318130	Marionette	INFO	Listening on port 58097
1589120318322	Marionette	WARN	TLS certificate errors will be ignored for this session
[Child 48320, Chrome_ChildThread] WARNING: pipe error: 109: file z:/task_1588188481/build/src/ipc/chromium/src/chrome/common/ipc_channel_win.cc, line 348
[Child 4832[Child 60924, Chrome_ChildThread] WARNING: pipe error: 109: file z:/task_1588188481/build/src/ipc/chromium/src/chrome/common/ipc_channel_win.cc, line 348
[Child 60[Child 55584, Chrome_ChildThread] WARNING: pipe error: 109: file z:/task_1588188481/build/src/ipc/chromium/src/chrome/common/ipc_channel_win.cc, line 348
[Child 55584, 1589121879289	Marionette	INFO	Stopped listening on port 58097
[
###!!! [Child][MessageChannel::SendAndWait] Error: Channel error: cannot send/recv

eenshots@mozilla.org': Reading manifest: Invalid extension permission: resource://pdf.js/
1589120328743	addons.webextension.screenshots@mozilla.org	WARN	Loading extension 'screenshots@mozilla.org': Reading manifest: Invalid extension permission: about:reader*
JavaScript error: undefined, line 14: Error: An unexpected error occurred
JavaScript error: moz-extension://131bdf21-07ef-4935-9295-bc6189fc6995/lib/picture_in_picture_overrides.js, line 15: Error: Incorrect argument types for pictureInPictureParent.setOverrides.
JavaScript error: resource:///modules/sessionstore/SessionStore.jsm, line 1325: uncaught exception: 2147746065
1589120332721	Marionette	INFO	Listening on port 58152
1589120333032	Marionette	WARN	TLS certificate errors will be ignored for this session
[Child 57720, Chrome_ChildThread] WARNING: pipe error: 109: file z:/task_1588188481/build/src/ipc/chromium/src/chrome/common/ipc_channel_win.cc, line 348
[Child 57720[Child 46068, Chrome_ChildThread] WARNING: pipe error: 109: file z:/task_1588188481/build/src/ipc/chromium/src/chrome/common/ipc_channel_win.cc, line 348
[Child 460[Child 52632, Chrome_ChildThread] WARNING: pipe error: 109: file z:/task_1588188481/build/src/ipc/chromium/src/chrome/common/ipc_channel_win.cc, line 348
[Child 521589121878747	Marionette	INFO	Stopped listening on port 58152
[GPU 47796, Chrome_ChildThread] WAR
###!!! [Child][RunMessage] Error: Channel closing: too late to send/recv, messages will be lost


###!!! [Child][MessageChannel::SendAndWait] Error: Channel error: cannot send/recv

hots@mozilla.org	WARN	Loading extension 'screenshots@mozilla.org': Reading manifest: Invalid extension permission: about:reader*
JavaScript error: undefined, line 14: Error: An unexpected error occurred
JavaScript error: moz-extension://76a5c1d1-5941-4544-b955-b50b38ca9e05/lib/picture_in_picture_overrides.js, line 15: Error: Incorrect argument types for pictureInPictureParent.setOverrides.
JavaScript error: resource:///modules/sessionstore/SessionStore.jsm, line 1325: uncaught exception: 2147746065
1589120346892	Marionette	INFO	Listening on port 58213
1589120346918	Marionette	WARN	TLS certificate errors will be ignored for this session
1589120351594	Marionette	INFO	Stopped listening on port 58213
[Child 41888, Chrome_ChildThread] WARNING: pipe error: 109: file z:/task_1588188481/build/src/ipc/chromium/src/chrome/common/ipc_channel_win.cc, line 348
[Child[Child 51032, Chrome_ChildThread] WARNING: pipe error: 109: file z:/task_1588188481/build/src/ipc/chromium/src/chrome/common/ipc_channel_win.cc, line 348
[Child 51032, Chrome[Child 55800, Chrome_ChildThread] WARNING: pipe error: 109: file z:/task_1588188481/build/src/ipc/chromium/src/chrome/common/ipc_channel_win.cc, line 348
[Child 55800,[GPU 59500, Chrome_ChildThread] WARNING:
###!!! [Child][MessageChannel::SendAndWait] Error: Channel error: cannot send/recv

1589120661875	mozrunner::runner	INFO	Running command: "C:\\Program Files\\Mozilla Firefox\\firefox.exe" "-marionette" "-foreground" "-no-remote" "-profile" "C:\\Users\\Administrator\\AppData\\Local\\Temp\\rust_mozprofilezZsl5T"
1589120663310	addons.webextension.screenshots@mozilla.org	WARN	Loading extension 'screenshots@mozilla.org': Reading manifest: Invalid extension permission: mozillaAddons
1589120663311	addons.webextension.screenshots@mozilla.org	WARN	Loading extension 'screenshots@mozilla.org': Reading manifest: Invalid extension permission: telemetry
1589120663311	addons.webextension.screenshots@mozilla.org	WARN	Loading extension 'screenshots@mozilla.org': Reading manifest: Invalid extension permission: resource://pdf.js/
1589120663311	addons.webextension.screenshots@mozilla.org	WARN	Loading extension 'screenshots@mozilla.org': Reading manifest: Invalid extension permission: about:reader*
JavaScript error: undefined, line 14: Error: An unexpected error occurred
JavaScript error: moz-extension://e4c5d928-f432-466d-97ca-32ca82822dd4/lib/picture_in_picture_overrides.js, line 15: Error: Incorrect argument types for pictureInPictureParent.setOverrides.
JavaScript error: resource:///modules/sessionstore/SessionStore.jsm, line 1325: uncaught exception: 2147746065
1589120667281	Marionette	INFO	Listening on port 58587
1589120667784	Marionette	WARN	TLS certificate errors will be ignored for this session
[Child 59536, Chrome_ChildThread] WARNING: pipe error: 109: file z:/task_1588188481/build/src/ipc/chromium/src/chrome/common/ipc_channel_win[Parent 37476, Gecko_IOThread] WARNING: pipe error: 109: file z:/task_1588188481/build/src/ipc/chromium./src/chrome/common/ipc_channel_win.cc, line 348
cc, line 348
[Child 59536, [Child 58040, Chrome_ChildThread] WARNING: pipe error: 109: file z:/task_1588188481/build/src/ipc/chromium/src/chrome/common/ipc_channel_win.cc, line 348
[Child 58040, Chrome_ChildThread] WARNI[Parent 37476, Gecko_IOThread] WARNING: pipe error: 109: file z:/task_1588188481/build/src/ipc/chromium/src/chrome/common/ipc_channel_win.cc, line 348
[Child 34684, Chrome_ChildThread] WARNING: pipe error: 109: file z:/task_1588188481/build/src/ipc/chromium/src/chrome/common/ipc_channel_win.cc, line 348
[Child 341589121878125	Marionette	INFO	Stopped listening on port 58587
[GPU 61124, Chrome_ChildThread] WAR
###!!! [Child][MessageChannel::SendAndWait] Error: Channel error: cannot send/recv

on://6b3f7bd8-9fe7-4224-ad25-ec2fa4f5901e/lib/picture_in_picture_overrides.js, line 15: Error: Incorrect argument types for pictureInPictureParent.setOverrides.
JavaScript error: resource:///modules/sessionstore/SessionStore.jsm, line 1325: uncaught exception: 2147746065
1589120680057	Marionette	INFO	Listening on port 58634
1589120680104	Marionette	WARN	TLS certificate errors will be ignored for this session
1589120684808	Marionette	INFO	Stopped listening on port 58634
[Child 59684, Chrome_ChildThread] WARNING: pipe error: 109: file z:/task_1588188481/build/src/ipc/chromium/src/chrome/common/ipc_channel_win.cc, line 348
[Child 59684,[Child 53108, Chrome_ChildThread] WARNING: pipe error: 109: file z:/task_1588188481/build/src/ipc/chromium/src/chrome/common/ipc_channel_win.cc, line 348
[Child 53108, Ch[[
###!!! [Child][MessageChannel::SendAndWait] Error: Channel error: cannot send/recv

1589121545623	mozrunner::runner	INFO	Running command: "C:\\Program Files\\Mozilla Firefox\\firefox.exe" "-marionette" "-foreground" "-no-remote" "-profile" "C:\\Users\\Administrator\\AppData\\Local\\Temp\\rust_mozprofilehNGeGy"
1589121546994	addons.webextension.screenshots@mozilla.org	WARN	Loading extension 'screenshots@mozilla.org': Reading manifest: Invalid extension permission: mozillaAddons
1589121546994	addons.webextension.screenshots@mozilla.org	WARN	Loading extension 'screenshots@mozilla.org': Reading manifest: Invalid extension permission: telemetry
1589121546994	addons.webextension.screenshots@mozilla.org	WARN	Loading extension 'screenshots@mozilla.org': Reading manifest: Invalid extension permission: resource://pdf.js/
1589121546995	addons.webextension.screenshots@mozilla.org	WARN	Loading extension 'screenshots@mozilla.org': Reading manifest: Invalid extension permission: about:reader*
JavaScript error: undefined, line 14: Error: An unexpected error occurred
JavaScript error: moz-extension://d9b19a7f-c15e-472b-8bb7-08168ca54d85/lib/picture_in_picture_overrides.js, line 15: Error: Incorrect argument types for pictureInPictureParent.setOverrides.
JavaScript error: resource:///modules/sessionstore/SessionStore.jsm, line 1325: uncaught exception: 2147746065
1589121550296	Marionette	INFO	Listening on port 59042
1589121550500	Marionette	WARN	TLS certificate errors will be ignored for this session
[Child 56144, Chrome_ChildThread] WARNING: pipe error: 109: file z:/task_1588188481/build/src/ipc/chromium/src/chrome/common/ipc_channel_win.cc, line 348
[Child 56144, [Child 60080, Chrome_ChildThread] WARNING: pipe error: 109: file z:/task_1588188481/build/src/ipc/chromium/src/chrome/common/ipc_channel_win.cc, line 348
[Child 6008[Child 54604, Chrome_ChildThread] WARNING: pipe error: 109: file z:/task_1588188481/build/src/ipc/chromium/src/chrome/common/ipc_channel_win.cc, line 348
[Child 54601589121877326	Marionette	INFO	Stopped listening on port 59042
[GPU 10532, Chrome_ChildThread] WARNING: pi
###!!! [Child][RunMessage] Error: Channel closing: too late to send/recv, messages will be lost


###!!! [Child][MessageChannel::SendAndWait] Error: Channel error: cannot send/recv

org	WARN	Loading extension 'screenshots@mozilla.org': Reading manifest: Invalid extension permission: about:reader*
JavaScript error: undefined, line 14: Error: An unexpected error occurred
JavaScript error: moz-extension://7a47febe-e935-48fd-98b1-ba77f52abad2/lib/picture_in_picture_overrides.js, line 15: Error: Incorrect argument types for pictureInPictureParent.setOverrides.
JavaScript error: resource:///modules/sessionstore/SessionStore.jsm, line 1325: uncaught exception: 2147746065
[Child 63124, Chrome_ChildThread] WARNING: pipe error: 109: file z:/task_1588188481/build/src/ipc/chromium/src/chrome/common/ipc_channel_win.cc, line 348
[Child 63121589121565763	Marionette	INFO	Listening on port 59101
1589121565912	Marionette	WARN	TLS certificate errors will be ignored for this session
1589121612540	Marionette	INFO	Stopped listening on port 59101
[Child 60108, Chrome_ChildThread] WARNING: pipe error: 109: file z:/task_1588188481/build/src/ipc/chromium/src/chrome/common/ipc_channel_win.cc, line 348
[Child 60108, Chr[Parent 61852, Gecko_IOThread] WARNING: pipe error: 109: file z:/task_1588188481/build/src/ipc/chromium/src/chrome/common/ipc_channel_win.cc, line 348
[Child 62620, Chrome_ChildThread] WARNING: pipe error: 109: file z:/task_1588188481/build/src/ipc/chromium/src/chrome/common/ipc_channel_win.cc, line 348
[Child 62620, [Child 56448, Chrome_ChildThread] WARNING: pipe error: 109: file z:/task_1588188481/build/src/ipc/chromium/src/chrome/common/ipc_channel_win.cc, line 348
[Child 56448,[GPU 5
###!!! [Child][MessageChannel::SendAndWait] Error: Channel error: cannot send/recv

1589121763082	mozrunner::runner	INFO	Running command: "C:\\Program Files\\Mozilla Firefox\\firefox.exe" "-marionette" "-foreground" "-no-remote" "-profile" "C:\\Users\\Administrator\\AppData\\Local\\Temp\\rust_mozprofilejZaJ5I"
1589121764795	addons.webextension.screenshots@mozilla.org	WARN	Loading extension 'screenshots@mozilla.org': Reading manifest: Invalid extension permission: mozillaAddons
1589121764796	addons.webextension.screenshots@mozilla.org	WARN	Loading extension 'screenshots@mozilla.org': Reading manifest: Invalid extension permission: telemetry
1589121764796	addons.webextension.screenshots@mozilla.org	WARN	Loading extension 'screenshots@mozilla.org': Reading manifest: Invalid extension permission: resource://pdf.js/
1589121764796	addons.webextension.screenshots@mozilla.org	WARN	Loading extension 'screenshots@mozilla.org': Reading manifest: Invalid extension permission: about:reader*
JavaScript error: undefined, line 14: Error: An unexpected error occurred
JavaScript error: moz-extension://deccbf88-44e3-405b-9798-8d147de12b20/lib/picture_in_picture_overrides.js, line 15: Error: Incorrect argument types for pictureInPictureParent.setOverrides.
JavaScript error: resource:///modules/sessionstore/SessionStore.jsm, line 1325: uncaught exception: 2147746065
1589121769009	Marionette	INFO	Listening on port 59348
1589121769035	Marionette	WARN	TLS certificate errors will be ignored for this session
[Child 60636, Chrome_ChildThread] WARNING: pipe error: 109: file z:/task_1588188481/build/src/ipc/chromium/src/chrome/common/i[Child 41972, Chrome_ChilpdcT_hcrheaandn]e lW_ARNING: pipwin.cc, el ienrer o3r4: 109: file z8:
/task_1588188481/build/src/ipc/chromium/src/chrome/common/ipc_channel_win.cc, line 348
[Child 41972, Chrom[Parent 57840, Gecko_IOThread] WARNING: pipe error: 109: file z:/task_1588188481/build/src/ipc/chromium/src/chrome/common/ipc_channel_win.cc, line 348
[Child 60000, Chrome_ChildThread] WARNING: pipe error: 109: file z:/task_1588188481/build/src/ipc/chromium/src/chrome/common/ipc_channel_win.cc, line 348
[Child 600001589121877183	Marionette	INFO	Stopped listening on port 59348
[GPU 13268, Chrome_
###!!! [Child][MessageChannel::SendAndWait] Error: Channel error: cannot send/recv

